#
# There is insufficient memory for the Java Runtime Environment to continue.
# Native memory allocation (malloc) failed to allocate 1048576 bytes for AllocateHeap
# Possible reasons:
#   The system is out of physical RAM or swap space
#   In 32 bit mode, the process size limit was hit
# Possible solutions:
#   Reduce memory load on the system
#   Increase physical memory or swap space
#   Check if swap backing store is full
#   Use 64 bit Java on a 64 bit OS
#   Decrease Java heap size (-Xmx/-Xms)
#   Decrease number of Java threads
#   Decrease Java thread stack sizes (-Xss)
#   Set larger code cache with -XX:ReservedCodeCacheSize=
# This output file may be truncated or incomplete.
#
#  Out of Memory Error (memory/allocation.inline.hpp:61), pid=33188, tid=0x00000000000081c8
#
# JRE version:  (8.0_144-b01) (build )
# Java VM: Java HotSpot(TM) 64-Bit Server VM (25.144-b01 mixed mode windows-amd64 compressed oops)
# Failed to write core dump. Minidumps are not enabled by default on client versions of Windows
#

---------------  T H R E A D  ---------------

Current thread (0x0000000004760800):  JavaThread "Unknown thread" [_thread_in_vm, id=33224, stack(0x0000000004580000,0x0000000004680000)]

Stack: [0x0000000004580000,0x0000000004680000]
[error occurred during error reporting (printing stack bounds), id 0xc0000005]

Native frames: (J=compiled Java code, j=interpreted, Vv=VM code, C=native code)


---------------  P R O C E S S  ---------------

Java Threads: ( => current thread )

Other Threads:

=>0x0000000004760800 (exited) JavaThread "Unknown thread" [_thread_in_vm, id=33224, stack(0x0000000004580000,0x0000000004680000)]

VM state:not at safepoint (normal execution)

VM Mutex/Monitor currently owned by a thread: None

Heap:
 PSYoungGen      total 37888K, used 655K [0x00000000d6400000, 0x00000000d8e00000, 0x0000000100000000)
  eden space 32768K, 2% used [0x00000000d6400000,0x00000000d64a3d80,0x00000000d8400000)
  from space 5120K, 0% used [0x00000000d8900000,0x00000000d8900000,0x00000000d8e00000)
  to   space 5120K, 0% used [0x00000000d8400000,0x00000000d8400000,0x00000000d8900000)
 ParOldGen       total 86016K, used 0K [0x0000000082c00000, 0x0000000088000000, 0x00000000d6400000)
  object space 86016K, 0% used [0x0000000082c00000,0x0000000082c00000,0x0000000088000000)
 Metaspace       used 746K, capacity 4480K, committed 4480K, reserved 1056768K
  class space    used 75K, capacity 384K, committed 384K, reserved 1048576K

Card table byte_map: [0x0000000013c20000,0x0000000014010000] byte_map_base: 0x000000001380a000

Marking Bits: (ParMarkBitMap*) 0x000000005ec8d850
 Begin Bits: [0x0000000014ab0000, 0x0000000016a00000)
 End Bits:   [0x0000000016a00000, 0x0000000018950000)

Polling page: 0x0000000002c90000

CodeCache: size=245760Kb used=328Kb max_used=328Kb free=245431Kb
 bounds [0x0000000004860000, 0x0000000004ad0000, 0x0000000013860000]
 total_blobs=58 nmethods=0 adapters=38
 compilation: enabled

Compilation events (0 events):
No events

GC Heap History (0 events):
No events

Deoptimization events (0 events):
No events

Internal exceptions (0 events):
No events

Events (10 events):
Event: 0.303 loading class java/lang/Short
Event: 0.303 loading class java/lang/Short done
Event: 0.303 loading class java/lang/Integer
Event: 0.303 loading class java/lang/Integer done
Event: 0.303 loading class java/lang/Long
Event: 0.303 loading class java/lang/Long done
Event: 0.304 loading class java/lang/NullPointerException
Event: 0.304 loading class java/lang/NullPointerException done
Event: 0.304 loading class java/lang/ArithmeticException
Event: 0.304 loading class java/lang/ArithmeticException done


Dynamic libraries:
0x00007ff6e45a0000 - 0x00007ff6e45d7000 	C:\Program Files\Java\jre1.8.0_144\bin\javaw.exe
0x00007ffb99670000 - 0x00007ffb99850000 	C:\WINDOWS\SYSTEM32\ntdll.dll
0x00007ffb98990000 - 0x00007ffb98a3e000 	C:\WINDOWS\System32\KERNEL32.DLL
0x00007ffb96850000 - 0x00007ffb96ab6000 	C:\WINDOWS\System32\KERNELBASE.dll
0x00007ffb99590000 - 0x00007ffb99631000 	C:\WINDOWS\System32\ADVAPI32.dll
0x00007ffb99420000 - 0x00007ffb994bd000 	C:\WINDOWS\System32\msvcrt.dll
0x00007ffb988f0000 - 0x00007ffb9894b000 	C:\WINDOWS\System32\sechost.dll
0x00007ffb96cd0000 - 0x00007ffb96def000 	C:\WINDOWS\System32\RPCRT4.dll
0x00007ffb96b40000 - 0x00007ffb96ccf000 	C:\WINDOWS\System32\USER32.dll
0x00007ffb95b70000 - 0x00007ffb95b90000 	C:\WINDOWS\System32\win32u.dll
0x00007ffb98aa0000 - 0x00007ffb98ac8000 	C:\WINDOWS\System32\GDI32.dll
0x00007ffb95bf0000 - 0x00007ffb95d83000 	C:\WINDOWS\System32\gdi32full.dll
0x00007ffb966b0000 - 0x00007ffb9674b000 	C:\WINDOWS\System32\msvcp_win.dll
0x00007ffb96750000 - 0x00007ffb96846000 	C:\WINDOWS\System32\ucrtbase.dll
0x00007ffb8ead0000 - 0x00007ffb8ed39000 	C:\WINDOWS\WinSxS\amd64_microsoft.windows.common-controls_6595b64144ccf1df_6.0.16299.248_none_15ced204935f55d7\COMCTL32.dll
0x00007ffb98d90000 - 0x00007ffb99098000 	C:\WINDOWS\System32\combase.dll
0x00007ffb96ac0000 - 0x00007ffb96b32000 	C:\WINDOWS\System32\bcryptPrimitives.dll
0x00007ffb98950000 - 0x00007ffb9897d000 	C:\WINDOWS\System32\IMM32.DLL
0x000000005e2c0000 - 0x000000005e392000 	C:\Program Files\Java\jre1.8.0_144\bin\msvcr100.dll
0x000000005e470000 - 0x000000005ed0d000 	C:\Program Files\Java\jre1.8.0_144\bin\server\jvm.dll
0x00007ffb98310000 - 0x00007ffb98318000 	C:\WINDOWS\System32\PSAPI.DLL
0x00007ffb8db50000 - 0x00007ffb8db5a000 	C:\WINDOWS\SYSTEM32\VERSION.dll
0x00007ffb91be0000 - 0x00007ffb91c03000 	C:\WINDOWS\SYSTEM32\WINMM.dll
0x00007ffb946d0000 - 0x00007ffb946d9000 	C:\WINDOWS\SYSTEM32\WSOCK32.dll
0x00007ffb98320000 - 0x00007ffb9838c000 	C:\WINDOWS\System32\WS2_32.dll
0x00007ffb91ab0000 - 0x00007ffb91ada000 	C:\WINDOWS\SYSTEM32\WINMMBASE.dll
0x00007ffb95a70000 - 0x00007ffb95aba000 	C:\WINDOWS\System32\cfgmgr32.dll
0x000000005e460000 - 0x000000005e46f000 	C:\Program Files\Java\jre1.8.0_144\bin\verify.dll
0x000000005e430000 - 0x000000005e459000 	C:\Program Files\Java\jre1.8.0_144\bin\java.dll
0x000000005e410000 - 0x000000005e426000 	C:\Program Files\Java\jre1.8.0_144\bin\zip.dll

VM Arguments:
jvm_args: -Dfile.encoding=Cp1252 
java_command: AllProcesses
java_class_path (initial): C:\Users\jainr\Desktop\Rishabh\Operating System\bin;C:\Users\jainr\Desktop\Rishabh\JAR FILES\mysql-connector.jar
Launcher Type: SUN_STANDARD

Environment Variables:
PATH=C:/Program Files/Java/jre1.8.0_144/bin/server;C:/Program Files/Java/jre1.8.0_144/bin;C:/Program Files/Java/jre1.8.0_144/lib/amd64;C:\Program Files (x86)\Intel\iCLS Client\;C:\ProgramData\Oracle\Java\javapath;C:\Program Files\Intel\iCLS Client\;C:\WINDOWS\system32;C:\WINDOWS;C:\WINDOWS\System32\Wbem;C:\WINDOWS\System32\WindowsPowerShell\v1.0\;C:\Program Files (x86)\Skype\Phone\;C:\Program Files (x86)\MySQL\MySQL Server 5.5\bin;C:\Program Files (x86)\GtkSharp\2.12\bin;C:\Program Files\Intel\WiFi\bin\;C:\Program Files\Common Files\Intel\WirelessCommon\;C:\Program Files (x86)\Intel\Intel(R) Management Engine Components\DAL;C:\Program Files\Intel\Intel(R) Management Engine Components\DAL;C:\Program Files (x86)\Intel\Intel(R) Management Engine Components\IPT;C:\Program Files\Intel\Intel(R) Management Engine Components\IPT;C:\RailsInstaller\Git\cmd;C:\RailsInstaller\Ruby2.3.3\bin;C:\Users\jainr\Anaconda3;C:\Users\jainr\Anaconda3\Scripts;C:\Users\jainr\Anaconda3\Library\bin;C:\Program Files\Java\jdk1.8.0_131\bin;C:\Users\jainr\AppData\Local\Microsoft\WindowsApps;;C:\Program Files\Microsoft VS Code\bin;C:\Users\jainr\Desktop\Rishabh\eclipse-jee-mars-2-win32-x86_64\eclipse;
USERNAME=jainr
OS=Windows_NT
PROCESSOR_IDENTIFIER=Intel64 Family 6 Model 94 Stepping 3, GenuineIntel



---------------  S Y S T E M  ---------------

OS: Windows 10.0 , 64 bit Build 16299 (10.0.16299.15)

CPU:total 8 (initial active 8) (4 cores per cpu, 2 threads per core) family 6 model 94 stepping 3, cmov, cx8, fxsr, mmx, sse, sse2, sse3, ssse3, sse4.1, sse4.2, popcnt, avx, avx2, aes, clmul, erms, rtm, 3dnowpref, lzcnt, ht, tsc, tscinvbit, bmi1, bmi2, adx

Memory: 4k page, physical 8204512k(1469140k free), swap 33370336k(5768k free)

vm_info: Java HotSpot(TM) 64-Bit Server VM (25.144-b01) for windows-amd64 JRE (1.8.0_144-b01), built on Jul 21 2017 21:57:33 by "java_re" with MS VC++ 10.0 (VS2010)

time: Sun Mar 11 21:12:12 2018
elapsed time: 0 seconds (0d 0h 0m 0s)

