#
# There is insufficient memory for the Java Runtime Environment to continue.
# Native memory allocation (malloc) failed to allocate 1048576 bytes for AllocateHeap
# Possible reasons:
#   The system is out of physical RAM or swap space
#   In 32 bit mode, the process size limit was hit
# Possible solutions:
#   Reduce memory load on the system
#   Increase physical memory or swap space
#   Check if swap backing store is full
#   Use 64 bit Java on a 64 bit OS
#   Decrease Java heap size (-Xmx/-Xms)
#   Decrease number of Java threads
#   Decrease Java thread stack sizes (-Xss)
#   Set larger code cache with -XX:ReservedCodeCacheSize=
# This output file may be truncated or incomplete.
#
#  Out of Memory Error (memory/allocation.inline.hpp:61), pid=49912, tid=0x000000000000c31c
#
# JRE version:  (8.0_144-b01) (build )
# Java VM: Java HotSpot(TM) 64-Bit Server VM (25.144-b01 mixed mode windows-amd64 compressed oops)
# Failed to write core dump. Minidumps are not enabled by default on client versions of Windows
#

---------------  T H R E A D  ---------------

Current thread (0x0000000004360800):  JavaThread "Unknown thread" [_thread_in_vm, id=49948, stack(0x0000000004260000,0x0000000004360000)]

Stack: [0x0000000004260000,0x0000000004360000]
[error occurred during error reporting (printing stack bounds), id 0xc0000005]

Native frames: (J=compiled Java code, j=interpreted, Vv=VM code, C=native code)


---------------  P R O C E S S  ---------------

Java Threads: ( => current thread )

Other Threads:

=>0x0000000004360800 (exited) JavaThread "Unknown thread" [_thread_in_vm, id=49948, stack(0x0000000004260000,0x0000000004360000)]

VM state:not at safepoint (normal execution)

VM Mutex/Monitor currently owned by a thread: None

Heap:
 PSYoungGen      total 37888K, used 655K [0x00000000d6400000, 0x00000000d8e00000, 0x0000000100000000)
  eden space 32768K, 2% used [0x00000000d6400000,0x00000000d64a3d80,0x00000000d8400000)
  from space 5120K, 0% used [0x00000000d8900000,0x00000000d8900000,0x00000000d8e00000)
  to   space 5120K, 0% used [0x00000000d8400000,0x00000000d8400000,0x00000000d8900000)
 ParOldGen       total 86016K, used 0K [0x0000000082c00000, 0x0000000088000000, 0x00000000d6400000)
  object space 86016K, 0% used [0x0000000082c00000,0x0000000082c00000,0x0000000088000000)
 Metaspace       used 746K, capacity 4480K, committed 4480K, reserved 1056768K
  class space    used 75K, capacity 384K, committed 384K, reserved 1048576K

Card table byte_map: [0x0000000013820000,0x0000000013c10000] byte_map_base: 0x000000001340a000

Marking Bits: (ParMarkBitMap*) 0x000000007772d850
 Begin Bits: [0x00000000146b0000, 0x0000000016600000)
 End Bits:   [0x0000000016600000, 0x0000000018550000)

Polling page: 0x0000000002490000

CodeCache: size=245760Kb used=328Kb max_used=328Kb free=245431Kb
 bounds [0x0000000004460000, 0x00000000046d0000, 0x0000000013460000]
 total_blobs=58 nmethods=0 adapters=38
 compilation: enabled

Compilation events (0 events):
No events

GC Heap History (0 events):
No events

Deoptimization events (0 events):
No events

Internal exceptions (0 events):
No events

Events (10 events):
Event: 0.021 loading class java/lang/Short
Event: 0.021 loading class java/lang/Short done
Event: 0.021 loading class java/lang/Integer
Event: 0.021 loading class java/lang/Integer done
Event: 0.021 loading class java/lang/Long
Event: 0.021 loading class java/lang/Long done
Event: 0.022 loading class java/lang/NullPointerException
Event: 0.022 loading class java/lang/NullPointerException done
Event: 0.022 loading class java/lang/ArithmeticException
Event: 0.022 loading class java/lang/ArithmeticException done


Dynamic libraries:
0x00007ff713a40000 - 0x00007ff713a77000 	C:\Program Files\Java\jre1.8.0_144\bin\javaw.exe
0x00007ffdaa600000 - 0x00007ffdaa7e0000 	C:\WINDOWS\SYSTEM32\ntdll.dll
0x00007ffda8580000 - 0x00007ffda862e000 	C:\WINDOWS\System32\KERNEL32.DLL
0x00007ffda71a0000 - 0x00007ffda7406000 	C:\WINDOWS\System32\KERNELBASE.dll
0x00007ffda7cf0000 - 0x00007ffda7d91000 	C:\WINDOWS\System32\ADVAPI32.dll
0x00007ffda9d30000 - 0x00007ffda9dcd000 	C:\WINDOWS\System32\msvcrt.dll
0x00007ffda81d0000 - 0x00007ffda822b000 	C:\WINDOWS\System32\sechost.dll
0x00007ffda7da0000 - 0x00007ffda7ebf000 	C:\WINDOWS\System32\RPCRT4.dll
0x00007ffda7b40000 - 0x00007ffda7ccf000 	C:\WINDOWS\System32\USER32.dll
0x00007ffda7890000 - 0x00007ffda78b0000 	C:\WINDOWS\System32\win32u.dll
0x00007ffda8780000 - 0x00007ffda87a8000 	C:\WINDOWS\System32\GDI32.dll
0x00007ffda78b0000 - 0x00007ffda7a43000 	C:\WINDOWS\System32\gdi32full.dll
0x00007ffda7410000 - 0x00007ffda74ab000 	C:\WINDOWS\System32\msvcp_win.dll
0x00007ffda7730000 - 0x00007ffda7826000 	C:\WINDOWS\System32\ucrtbase.dll
0x00007ffd9e5c0000 - 0x00007ffd9e829000 	C:\WINDOWS\WinSxS\amd64_microsoft.windows.common-controls_6595b64144ccf1df_6.0.16299.309_none_15cfd4c4935e6b11\COMCTL32.dll
0x00007ffda7ec0000 - 0x00007ffda81c8000 	C:\WINDOWS\System32\combase.dll
0x00007ffda7a50000 - 0x00007ffda7ac2000 	C:\WINDOWS\System32\bcryptPrimitives.dll
0x00007ffda82a0000 - 0x00007ffda82cd000 	C:\WINDOWS\System32\IMM32.DLL
0x0000000076d50000 - 0x0000000076e22000 	C:\Program Files\Java\jre1.8.0_144\bin\msvcr100.dll
0x0000000076f10000 - 0x00000000777ad000 	C:\Program Files\Java\jre1.8.0_144\bin\server\jvm.dll
0x00007ffda87b0000 - 0x00007ffda87b8000 	C:\WINDOWS\System32\PSAPI.DLL
0x00007ffda49b0000 - 0x00007ffda49d3000 	C:\WINDOWS\SYSTEM32\WINMM.dll
0x00007ffda5890000 - 0x00007ffda5899000 	C:\WINDOWS\SYSTEM32\WSOCK32.dll
0x00007ffd9c1c0000 - 0x00007ffd9c1ca000 	C:\WINDOWS\SYSTEM32\VERSION.dll
0x00007ffda8230000 - 0x00007ffda829c000 	C:\WINDOWS\System32\WS2_32.dll
0x00007ffda4980000 - 0x00007ffda49aa000 	C:\WINDOWS\SYSTEM32\WINMMBASE.dll
0x00007ffda6a00000 - 0x00007ffda6a4a000 	C:\WINDOWS\System32\cfgmgr32.dll
0x0000000076f00000 - 0x0000000076f0f000 	C:\Program Files\Java\jre1.8.0_144\bin\verify.dll
0x0000000076ed0000 - 0x0000000076ef9000 	C:\Program Files\Java\jre1.8.0_144\bin\java.dll
0x0000000076eb0000 - 0x0000000076ec6000 	C:\Program Files\Java\jre1.8.0_144\bin\zip.dll

VM Arguments:
jvm_args: -Dfile.encoding=Cp1252 
java_command: Desktop
java_class_path (initial): C:\Users\jainr\Desktop\Rishabh\Operating System\bin;C:\Users\jainr\Desktop\Rishabh\JAR FILES\mysql-connector.jar
Launcher Type: SUN_STANDARD

Environment Variables:
PATH=C:/Program Files/Java/jre1.8.0_144/bin/server;C:/Program Files/Java/jre1.8.0_144/bin;C:/Program Files/Java/jre1.8.0_144/lib/amd64;C:\Program Files (x86)\Intel\iCLS Client\;C:\ProgramData\Oracle\Java\javapath;C:\Program Files\Intel\iCLS Client\;C:\WINDOWS\system32;C:\WINDOWS;C:\WINDOWS\System32\Wbem;C:\WINDOWS\System32\WindowsPowerShell\v1.0\;C:\Program Files (x86)\Skype\Phone\;C:\Program Files (x86)\MySQL\MySQL Server 5.5\bin;C:\Program Files (x86)\GtkSharp\2.12\bin;C:\Program Files\Intel\WiFi\bin\;C:\Program Files\Common Files\Intel\WirelessCommon\;C:\Program Files (x86)\Intel\Intel(R) Management Engine Components\DAL;C:\Program Files\Intel\Intel(R) Management Engine Components\DAL;C:\Program Files (x86)\Intel\Intel(R) Management Engine Components\IPT;C:\Program Files\Intel\Intel(R) Management Engine Components\IPT;C:\Program Files (x86)\Brackets\command;C:\Users\jainr\Desktop\Softwares\opencv;C:\Users\jainr\Desktop\Softwares\CV2\opencv;C:\RailsInstaller\Git\cmd;C:\RailsInstaller\Ruby2.3.3\bin;C:\Users\jainr\Anaconda3;C:\Users\jainr\Anaconda3\Scripts;C:\Users\jainr\Anaconda3\Library\bin;C:\Program Files\Java\jdk1.8.0_131\bin;C:\Users\jainr\AppData\Local\Microsoft\WindowsApps;;C:\Program Files\Microsoft VS Code\bin;C:\Users\jainr\Desktop\Rishabh\eclipse-jee-mars-2-win32-x86_64\eclipse;
USERNAME=jainr
OS=Windows_NT
PROCESSOR_IDENTIFIER=Intel64 Family 6 Model 94 Stepping 3, GenuineIntel



---------------  S Y S T E M  ---------------

OS: Windows 10.0 , 64 bit Build 16299 (10.0.16299.15)

CPU:total 8 (initial active 8) (4 cores per cpu, 2 threads per core) family 6 model 94 stepping 3, cmov, cx8, fxsr, mmx, sse, sse2, sse3, ssse3, sse4.1, sse4.2, popcnt, avx, avx2, aes, clmul, erms, rtm, 3dnowpref, lzcnt, ht, tsc, tscinvbit, bmi1, bmi2, adx

Memory: 4k page, physical 8204512k(2418688k free), swap 33370336k(5796k free)

vm_info: Java HotSpot(TM) 64-Bit Server VM (25.144-b01) for windows-amd64 JRE (1.8.0_144-b01), built on Jul 21 2017 21:57:33 by "java_re" with MS VC++ 10.0 (VS2010)

time: Sun Apr 15 02:23:46 2018
elapsed time: 0 seconds (0d 0h 0m 0s)

